<?xml version="1.0" encoding="UTF-8"?>
<!-- Generated by org.testng.reporters.JUnitReportReporter -->
<testsuite hostname="SreepriyaLap" failures="0" tests="1" name="demo.DemoPractice" time="5.394" errors="0" timestamp="2023-11-10T14:48:16 IST" skipped="0">
  <testcase classname="demo.DemoPractice" name="practiceMethod" time="5.394"/>
  <system-out/>
</testsuite> <!-- demo.DemoPractice -->
